<?xml version="1.0" encoding="UTF-8"?>
<testng-results ignored="0" total="2" passed="2" failed="0" skipped="0">
  <reporter-output>
  </reporter-output>
  <suite started-at="2023-05-20T10:23:24 IST" name="Default suite" finished-at="2023-05-20T10:23:24 IST" duration-ms="131">
    <groups>
    </groups>
    <test started-at="2023-05-20T10:23:24 IST" name="Default test" finished-at="2023-05-20T10:23:24 IST" duration-ms="131">
      <class name="Demo.DataProviderclass">
        <test-method signature="m1(java.lang.String,java.lang.String)[pri:0, instance:Demo.DataProviderclass@3cebbb30]" started-at="2023-05-20T10:23:24 IST" name="m1" data-provider="Star" finished-at="2023-05-20T10:23:24 IST" duration-ms="12" status="PASS">
          <params>
            <param index="0">
              <value>
                <![CDATA[admin]]>
              </value>
            </param>
            <param index="1">
              <value>
                <![CDATA[manager]]>
              </value>
            </param>
          </params>
          <reporter-output>
          </reporter-output>
        </test-method> <!-- m1 -->
        <test-method signature="m1(java.lang.String,java.lang.String)[pri:0, instance:Demo.DataProviderclass@3cebbb30]" started-at="2023-05-20T10:23:24 IST" name="m1" data-provider="Star" finished-at="2023-05-20T10:23:24 IST" duration-ms="17" status="PASS">
          <params>
            <param index="0">
              <value>
                <![CDATA[admin1]]>
              </value>
            </param>
            <param index="1">
              <value>
                <![CDATA[manager2]]>
              </value>
            </param>
          </params>
          <reporter-output>
          </reporter-output>
        </test-method> <!-- m1 -->
      </class> <!-- Demo.DataProviderclass -->
    </test> <!-- Default test -->
  </suite> <!-- Default suite -->
</testng-results>
